::1 - HTTP/1.1 [Sun, 22 Nov 2020 13:17:07 GMT] "POST /path" 200 6549 Byte - 134.419 ms
::1 - HTTP/1.1 [Wed, 09 Dec 2020 09:37:54 GMT] "POST /path" 200 38 Byte - 214.895 ms
::1 - HTTP/1.1 [Wed, 09 Dec 2020 09:37:59 GMT] "POST /get" 200 246 Byte - 35.433 ms
::1 - HTTP/1.1 [Wed, 09 Dec 2020 09:38:31 GMT] "POST /path" 500 133 Byte - 10082.832 ms
::1 - HTTP/1.1 [Wed, 09 Dec 2020 09:41:56 GMT] "POST /path" 500 101 Byte - 536.029 ms
::1 - HTTP/1.1 [Wed, 09 Dec 2020 09:43:02 GMT] "POST /path" 500 101 Byte - 334.962 ms
::1 - HTTP/1.1 [Wed, 09 Dec 2020 09:47:02 GMT] "POST /path" 200 6549 Byte - 135.048 ms
::1 - HTTP/1.1 [Wed, 09 Dec 2020 09:57:06 GMT] "POST /path" 200 6549 Byte - 120.405 ms
::1 - HTTP/1.1 [Wed, 09 Dec 2020 10:00:14 GMT] "POST /path" 200 6549 Byte - 95.100 ms
::1 - HTTP/1.1 [Sun, 20 Dec 2020 08:39:53 GMT] "POST /path" 200 38 Byte - 215.631 ms
::1 - HTTP/1.1 [Sun, 20 Dec 2020 08:40:03 GMT] "POST /get" 200 294 Byte - 55.259 ms
::1 - HTTP/1.1 [Sun, 20 Dec 2020 08:40:50 GMT] "POST /path" 200 6549 Byte - 859.911 ms
::1 - HTTP/1.1 [Sun, 20 Dec 2020 08:41:34 GMT] "POST /path" 200 6597 Byte - 107.183 ms
::1 - HTTP/1.1 [Thu, 24 Dec 2020 17:10:17 GMT] "POST /get" 200 294 Byte - 395.911 ms
::1 - HTTP/1.1 [Thu, 24 Dec 2020 17:11:36 GMT] "POST /get" 200 294 Byte - 26.009 ms
::1 - HTTP/1.1 [Thu, 24 Dec 2020 17:12:01 GMT] "POST /path" 500 74 Byte - 81.894 ms
::1 - HTTP/1.1 [Thu, 24 Dec 2020 17:13:00 GMT] "POST /path" 500 74 Byte - 38.654 ms
::1 - HTTP/1.1 [Thu, 24 Dec 2020 17:14:13 GMT] "POST /path" 200 6625 Byte - 481.643 ms
::1 - HTTP/1.1 [Thu, 24 Dec 2020 17:15:06 GMT] "POST /path" 200 6625 Byte - 81.251 ms
::1 - HTTP/1.1 [Thu, 24 Dec 2020 17:15:11 GMT] "POST /path" 200 6625 Byte - 27.110 ms
::1 - HTTP/1.1 [Thu, 24 Dec 2020 17:15:16 GMT] "POST /path" 400 39 Byte - 1.456 ms
::1 - HTTP/1.1 [Thu, 24 Dec 2020 17:16:30 GMT] "POST /path" 200 6623 Byte - 131.998 ms
::1 - HTTP/1.1 [Thu, 24 Dec 2020 17:17:12 GMT] "POST /path" 400 39 Byte - 3.209 ms
::1 - HTTP/1.1 [Thu, 24 Dec 2020 17:18:57 GMT] "POST /path" 200 6623 Byte - 78.877 ms
::1 - HTTP/1.1 [Fri, 12 Feb 2021 16:24:16 GMT] "GET /socket.io/?EIO=4&transport=polling&t=NUN3gbz" 404 149 Byte - 4.913 ms
::1 - HTTP/1.1 [Fri, 12 Feb 2021 16:24:18 GMT] "GET /socket.io/?EIO=4&transport=polling&t=NUN3g_R" 404 149 Byte - 0.436 ms
::1 - HTTP/1.1 [Fri, 12 Feb 2021 16:24:20 GMT] "GET /socket.io/?EIO=4&transport=polling&t=NUN3hRw" 404 149 Byte - 0.306 ms
::1 - HTTP/1.1 [Fri, 12 Feb 2021 16:24:25 GMT] "GET /socket.io/?EIO=4&transport=polling&t=NUN3ih2" 404 149 Byte - 0.393 ms
::1 - HTTP/1.1 [Fri, 12 Feb 2021 16:24:30 GMT] "GET /socket.io/?EIO=4&transport=polling&t=NUN3jve" 404 149 Byte - 0.325 ms
::1 - HTTP/1.1 [Fri, 12 Feb 2021 16:24:35 GMT] "GET /socket.io/?EIO=4&transport=polling&t=NUN3l89" 404 149 Byte - 0.313 ms
::1 - HTTP/1.1 [Fri, 12 Feb 2021 16:24:40 GMT] "GET /socket.io/?EIO=4&transport=polling&t=NUN3mMd" 404 149 Byte - 0.611 ms
::1 - HTTP/1.1 [Fri, 12 Feb 2021 16:24:45 GMT] "GET /socket.io/?EIO=4&transport=polling&t=NUN3nec" 404 149 Byte - 0.297 ms
::1 - HTTP/1.1 [Fri, 12 Feb 2021 16:24:51 GMT] "GET /socket.io/?EIO=4&transport=polling&t=NUN3p6R" 404 149 Byte - 4.173 ms
::1 - HTTP/1.1 [Fri, 12 Feb 2021 16:24:56 GMT] "GET /socket.io/?EIO=4&transport=polling&t=NUN3qL6" 404 149 Byte - 0.316 ms
::1 - HTTP/1.1 [Fri, 12 Feb 2021 16:25:02 GMT] "GET /socket.io/?EIO=4&transport=polling&t=NUN3roN" 404 149 Byte - 0.882 ms
::1 - HTTP/1.1 [Fri, 12 Feb 2021 16:25:03 GMT] "GET /" 404 139 Byte - 0.604 ms
::1 - HTTP/1.1 [Fri, 12 Feb 2021 16:25:08 GMT] "GET /socket.io/?EIO=4&transport=polling&t=NUN3tFK" 404 149 Byte - 0.854 ms
::1 - HTTP/1.1 [Fri, 12 Feb 2021 16:25:13 GMT] "GET /socket.io/?EIO=4&transport=polling&t=NUN3uUI" 404 149 Byte - 0.386 ms
::1 - HTTP/1.1 [Fri, 12 Feb 2021 16:25:18 GMT] "GET /socket.io/?EIO=4&transport=polling&t=NUN3vrF" 404 149 Byte - 0.409 ms
::1 - HTTP/1.1 [Fri, 12 Feb 2021 16:25:24 GMT] "GET /socket.io/?EIO=4&transport=polling&t=NUN3xAA" 404 149 Byte - 0.354 ms
::1 - HTTP/1.1 [Fri, 12 Feb 2021 16:25:29 GMT] "GET /get" 404 142 Byte - 0.587 ms
::1 - HTTP/1.1 [Fri, 12 Feb 2021 16:25:30 GMT] "GET /socket.io/?EIO=4&transport=polling&t=NUN3ydm" 404 149 Byte - 0.358 ms
::1 - HTTP/1.1 [Fri, 12 Feb 2021 16:25:36 GMT] "GET /socket.io/?EIO=4&transport=polling&t=NUN3-5a" 404 149 Byte - 0.388 ms
::1 - HTTP/1.1 [Fri, 12 Feb 2021 16:25:42 GMT] "GET /socket.io/?EIO=4&transport=polling&t=NUN3_ZO" 404 149 Byte - 0.348 ms
::1 - HTTP/1.1 [Fri, 12 Feb 2021 16:25:48 GMT] "GET /socket.io/?EIO=4&transport=polling&t=NUN4115" 404 149 Byte - 0.333 ms
::1 - HTTP/1.1 [Fri, 12 Feb 2021 16:25:54 GMT] "GET /socket.io/?EIO=4&transport=polling&t=NUN42Uq" 404 149 Byte - 0.946 ms
::1 - HTTP/1.1 [Fri, 12 Feb 2021 16:26:00 GMT] "GET /socket.io/?EIO=4&transport=polling&t=NUN43yV" 404 149 Byte - 0.433 ms
::1 - HTTP/1.1 [Fri, 12 Feb 2021 16:26:06 GMT] "GET /socket.io/?EIO=4&transport=polling&t=NUN45XW" 404 149 Byte - 0.354 ms
::1 - HTTP/1.1 [Fri, 12 Feb 2021 16:26:08 GMT] "GET /socket.io/?EIO=4&transport=polling&t=NUN45vj" 404 149 Byte - 0.346 ms
::1 - HTTP/1.1 [Fri, 12 Feb 2021 16:26:10 GMT] "GET /socket.io/?EIO=4&transport=polling&t=NUN46YL" 404 149 Byte - 0.410 ms
::1 - HTTP/1.1 [Fri, 12 Feb 2021 16:26:14 GMT] "GET /socket.io/?EIO=4&transport=polling&t=NUN47PF" 404 149 Byte - 0.347 ms
::1 - HTTP/1.1 [Fri, 12 Feb 2021 16:26:18 GMT] "GET /socket.io/?EIO=4&transport=polling&t=NUN48Vk" 404 149 Byte - 0.389 ms
::1 - HTTP/1.1 [Fri, 12 Feb 2021 16:26:24 GMT] "GET /socket.io/?EIO=4&transport=polling&t=NUN49k6" 404 149 Byte - 0.283 ms
::1 - HTTP/1.1 [Fri, 12 Feb 2021 16:26:29 GMT] "GET /socket.io/?EIO=4&transport=polling&t=NUN4Aye" 404 149 Byte - 0.549 ms
::1 - HTTP/1.1 [Fri, 12 Feb 2021 16:26:34 GMT] "GET /socket.io/?EIO=4&transport=polling&t=NUN4CB0" 404 149 Byte - 0.325 ms
::1 - HTTP/1.1 [Fri, 12 Feb 2021 16:26:35 GMT] "GET /socket.io/?EIO=4&transport=polling&t=NUN47PF" 404 149 Byte - 0.221 ms
::1 - HTTP/1.1 [Fri, 12 Feb 2021 16:26:39 GMT] "GET /socket.io/?EIO=4&transport=polling&t=NUN4DU3" 404 149 Byte - 0.271 ms
::1 - HTTP/1.1 [Fri, 12 Feb 2021 16:26:45 GMT] "GET /socket.io/?EIO=4&transport=polling&t=NUN4Exd" 404 149 Byte - 0.485 ms
::1 - HTTP/1.1 [Fri, 12 Feb 2021 16:26:51 GMT] "GET /socket.io/?EIO=4&transport=polling&t=NUN4GPO" 404 149 Byte - 0.409 ms
::1 - HTTP/1.1 [Fri, 12 Feb 2021 16:26:57 GMT] "GET /socket.io/?EIO=4&transport=polling&t=NUN4HtL" 404 149 Byte - 0.366 ms
::1 - HTTP/1.1 [Fri, 12 Feb 2021 16:27:03 GMT] "GET /socket.io/?EIO=4&transport=polling&t=NUN4JK-" 404 149 Byte - 0.260 ms
::1 - HTTP/1.1 [Fri, 12 Feb 2021 16:27:09 GMT] "GET /socket.io/?EIO=4&transport=polling&t=NUN4Koe" 404 149 Byte - 0.493 ms
::1 - HTTP/1.1 [Fri, 12 Feb 2021 16:27:15 GMT] "GET /socket.io/?EIO=4&transport=polling&t=NUN4MGM" 404 149 Byte - 0.258 ms
::1 - HTTP/1.1 [Fri, 12 Feb 2021 16:27:21 GMT] "GET /socket.io/?EIO=4&transport=polling&t=NUN4NkF" 404 149 Byte - 0.497 ms
::1 - HTTP/1.1 [Fri, 12 Feb 2021 16:27:27 GMT] "GET /socket.io/?EIO=4&transport=polling&t=NUN4PBx" 404 149 Byte - 0.289 ms
::1 - HTTP/1.1 [Fri, 12 Feb 2021 16:27:33 GMT] "GET /socket.io/?EIO=4&transport=polling&t=NUN4Qfd" 404 149 Byte - 0.447 ms
::1 - HTTP/1.1 [Fri, 12 Feb 2021 16:27:39 GMT] "GET /socket.io/?EIO=4&transport=polling&t=NUN4S7N" 404 149 Byte - 0.337 ms
::1 - HTTP/1.1 [Fri, 12 Feb 2021 16:27:45 GMT] "GET /socket.io/?EIO=4&transport=polling&t=NUN4TbA" 404 149 Byte - 1.017 ms
::1 - HTTP/1.1 [Fri, 12 Feb 2021 16:27:51 GMT] "GET /socket.io/?EIO=4&transport=polling&t=NUN4V2s" 404 149 Byte - 0.263 ms
::1 - HTTP/1.1 [Fri, 12 Feb 2021 16:27:57 GMT] "GET /socket.io/?EIO=4&transport=polling&t=NUN4WWn" 404 149 Byte - 0.412 ms
::1 - HTTP/1.1 [Fri, 12 Feb 2021 16:28:03 GMT] "GET /socket.io/?EIO=4&transport=polling&t=NUN4X-Y" 404 149 Byte - 0.285 ms
::1 - HTTP/1.1 [Fri, 12 Feb 2021 16:28:09 GMT] "GET /socket.io/?EIO=4&transport=polling&t=NUN4ZSH" 404 149 Byte - 0.464 ms
::1 - HTTP/1.1 [Fri, 12 Feb 2021 16:28:15 GMT] "GET /socket.io/?EIO=4&transport=polling&t=NUN4aw0" 404 149 Byte - 0.222 ms
::1 - HTTP/1.1 [Fri, 12 Feb 2021 16:28:21 GMT] "GET /socket.io/?EIO=4&transport=polling&t=NUN4cNg" 404 149 Byte - 0.421 ms
::1 - HTTP/1.1 [Fri, 12 Feb 2021 16:28:27 GMT] "GET /socket.io/?EIO=4&transport=polling&t=NUN4drW" 404 149 Byte - 0.279 ms
::1 - HTTP/1.1 [Fri, 12 Feb 2021 16:28:33 GMT] "GET /socket.io/?EIO=4&transport=polling&t=NUN4fJD" 404 149 Byte - 0.307 ms
::1 - HTTP/1.1 [Fri, 12 Feb 2021 16:28:39 GMT] "GET /socket.io/?EIO=4&transport=polling&t=NUN4gn0" 404 149 Byte - 1.075 ms
::1 - HTTP/1.1 [Fri, 12 Feb 2021 16:28:44 GMT] "GET /socket.io/?EIO=4&transport=polling&t=NUN4h_P" 404 149 Byte - 0.407 ms
::1 - HTTP/1.1 [Fri, 12 Feb 2021 16:28:49 GMT] "GET /socket.io/?EIO=4&transport=polling&t=NUN4jD-" 404 149 Byte - 0.360 ms
::1 - HTTP/1.1 [Fri, 12 Feb 2021 16:28:54 GMT] "GET /socket.io/?EIO=4&transport=polling&t=NUN4kSg" 404 149 Byte - 0.342 ms
::1 - HTTP/1.1 [Fri, 12 Feb 2021 16:28:59 GMT] "GET /socket.io/?EIO=4&transport=polling&t=NUN4lhE" 404 149 Byte - 0.315 ms
::1 - HTTP/1.1 [Fri, 12 Feb 2021 16:29:05 GMT] "GET /socket.io/?EIO=4&transport=polling&t=NUN4n79" 404 149 Byte - 0.380 ms
::1 - HTTP/1.1 [Fri, 12 Feb 2021 16:29:11 GMT] "GET /socket.io/?EIO=4&transport=polling&t=NUN4oa_" 404 149 Byte - 0.364 ms
::1 - HTTP/1.1 [Fri, 12 Feb 2021 16:29:17 GMT] "GET /socket.io/?EIO=4&transport=polling&t=NUN4q2h" 404 149 Byte - 0.362 ms
::1 - HTTP/1.1 [Fri, 12 Feb 2021 16:29:23 GMT] "GET /socket.io/?EIO=4&transport=polling&t=NUN4rWX" 404 149 Byte - 0.313 ms
::1 - HTTP/1.1 [Fri, 12 Feb 2021 16:29:29 GMT] "GET /socket.io/?EIO=4&transport=polling&t=NUN4s-F" 404 149 Byte - 0.369 ms
::1 - HTTP/1.1 [Fri, 12 Feb 2021 16:29:35 GMT] "GET /socket.io/?EIO=4&transport=polling&t=NUN4uS1" 404 149 Byte - 0.330 ms
::1 - HTTP/1.1 [Fri, 12 Feb 2021 16:29:41 GMT] "GET /socket.io/?EIO=4&transport=polling&t=NUN4vvg" 404 149 Byte - 0.273 ms
::1 - HTTP/1.1 [Fri, 12 Feb 2021 16:29:47 GMT] "GET /socket.io/?EIO=4&transport=polling&t=NUN4xNT" 404 149 Byte - 0.365 ms
::1 - HTTP/1.1 [Fri, 12 Feb 2021 16:29:53 GMT] "GET /socket.io/?EIO=4&transport=polling&t=NUN4yr7" 404 149 Byte - 0.485 ms
::1 - HTTP/1.1 [Fri, 12 Feb 2021 16:29:59 GMT] "GET /socket.io/?EIO=4&transport=polling&t=NUN4-Iz" 404 149 Byte - 0.326 ms
::1 - HTTP/1.1 [Fri, 12 Feb 2021 16:30:05 GMT] "GET /socket.io/?EIO=4&transport=polling&t=NUN4_n3" 404 149 Byte - 0.310 ms
::1 - HTTP/1.1 [Fri, 12 Feb 2021 16:30:11 GMT] "GET /socket.io/?EIO=4&transport=polling&t=NUN51EZ" 404 149 Byte - 0.246 ms
::1 - HTTP/1.1 [Fri, 12 Feb 2021 16:30:46 GMT] "GET /socket.io/?EIO=4&transport=polling&t=NUN59sC" 404 149 Byte - 0.372 ms
::1 - HTTP/1.1 [Fri, 12 Feb 2021 16:30:48 GMT] "GET /socket.io/?EIO=4&transport=polling&t=NUN5ABp" 404 149 Byte - 0.392 ms
::1 - HTTP/1.1 [Fri, 12 Feb 2021 16:30:49 GMT] "GET /socket.io/?EIO=4&transport=polling&t=NUN5AUb" 404 149 Byte - 0.464 ms
::1 - HTTP/1.1 [Fri, 12 Feb 2021 16:30:54 GMT] "GET /socket.io/?EIO=4&transport=polling&t=NUN5BkD" 404 149 Byte - 0.413 ms
::1 - HTTP/1.1 [Fri, 12 Feb 2021 16:31:05 GMT] "GET /socket.io/?EIO=4&transport=polling&t=NUN5EYk" 404 149 Byte - 0.387 ms
::1 - HTTP/1.1 [Fri, 12 Feb 2021 16:31:06 GMT] "GET /socket.io/?EIO=4&transport=polling&t=NUN5EmG" 404 149 Byte - 0.379 ms
::1 - HTTP/1.1 [Fri, 12 Feb 2021 16:31:08 GMT] "GET /socket.io/?EIO=4&transport=polling&t=NUN5FIP" 404 149 Byte - 0.280 ms
::1 - HTTP/1.1 [Fri, 12 Feb 2021 16:31:13 GMT] "GET /socket.io/?EIO=4&transport=polling&t=NUN5GX2" 404 149 Byte - 0.365 ms
::1 - HTTP/1.1 [Fri, 12 Feb 2021 16:33:31 GMT] "GET /socket.io/?EIO=4&transport=polling&t=NUN5o3t" 404 149 Byte - 5.608 ms
::1 - HTTP/1.1 [Fri, 12 Feb 2021 16:33:32 GMT] "GET /socket.io/?EIO=4&transport=polling&t=NUN5oHB" 404 149 Byte - 0.508 ms
::1 - HTTP/1.1 [Fri, 12 Feb 2021 16:33:33 GMT] "GET /socket.io/?EIO=4&transport=polling&t=NUN5od8" 404 149 Byte - 0.375 ms
::1 - HTTP/1.1 [Fri, 12 Feb 2021 16:33:36 GMT] "GET /socket.io/?EIO=4&transport=polling&t=NUN5pGi" 404 149 Byte - 0.350 ms
::1 - HTTP/1.1 [Fri, 12 Feb 2021 16:33:41 GMT] "GET /socket.io/?EIO=4&transport=polling&t=NUN5qV4" 404 149 Byte - 0.315 ms
::1 - HTTP/1.1 [Fri, 12 Feb 2021 16:33:46 GMT] "GET /socket.io/?EIO=4&transport=polling&t=NUN5rjT" 404 149 Byte - 0.397 ms
::1 - HTTP/1.1 [Fri, 12 Feb 2021 16:33:51 GMT] "GET /socket.io/?EIO=4&transport=polling&t=NUN5sxr" 404 149 Byte - 0.254 ms
::1 - HTTP/1.1 [Fri, 12 Feb 2021 16:33:56 GMT] "GET /socket.io/?EIO=4&transport=polling&t=NUN5uAn" 404 149 Byte - 0.432 ms
::1 - HTTP/1.1 [Fri, 12 Feb 2021 16:34:02 GMT] "GET /socket.io/?EIO=4&transport=polling&t=NUN5vdw" 404 149 Byte - 0.325 ms
::1 - HTTP/1.1 [Fri, 12 Feb 2021 16:34:08 GMT] "GET /socket.io/?EIO=4&transport=polling&t=NUN5x5U" 404 149 Byte - 0.442 ms
::1 - HTTP/1.1 [Fri, 12 Feb 2021 16:34:14 GMT] "GET /socket.io/?EIO=4&transport=polling&t=NUN5yZL" 404 149 Byte - 0.253 ms
::1 - HTTP/1.1 [Fri, 12 Feb 2021 16:34:20 GMT] "GET /socket.io/?EIO=4&transport=polling&t=NUN5-12" 404 149 Byte - 0.420 ms
::1 - HTTP/1.1 [Fri, 12 Feb 2021 16:34:26 GMT] "GET /socket.io/?EIO=4&transport=polling&t=NUN5_Uu" 404 149 Byte - 0.320 ms
::1 - HTTP/1.1 [Fri, 12 Feb 2021 16:34:32 GMT] "GET /socket.io/?EIO=4&transport=polling&t=NUN60ye" 404 149 Byte - 0.300 ms
::1 - HTTP/1.1 [Fri, 12 Feb 2021 16:34:38 GMT] "GET /socket.io/?EIO=4&transport=polling&t=NUN62QM" 404 149 Byte - 0.341 ms
::1 - HTTP/1.1 [Fri, 12 Feb 2021 16:34:44 GMT] "GET /socket.io/?EIO=4&transport=polling&t=NUN63u6" 404 149 Byte - 0.418 ms
::1 - HTTP/1.1 [Fri, 12 Feb 2021 16:34:50 GMT] "GET /socket.io/?EIO=4&transport=polling&t=NUN65Lp" 404 149 Byte - 0.307 ms
::1 - HTTP/1.1 [Fri, 12 Feb 2021 16:34:56 GMT] "GET /socket.io/?EIO=4&transport=polling&t=NUN66pZ" 404 149 Byte - 0.289 ms
::1 - HTTP/1.1 [Fri, 12 Feb 2021 16:35:02 GMT] "GET /socket.io/?EIO=4&transport=polling&t=NUN68HM" 404 149 Byte - 0.306 ms
::1 - HTTP/1.1 [Fri, 12 Feb 2021 16:35:08 GMT] "GET /socket.io/?EIO=4&transport=polling&t=NUN69l8" 404 149 Byte - 0.417 ms
::1 - HTTP/1.1 [Fri, 12 Feb 2021 16:35:14 GMT] "GET /socket.io/?EIO=4&transport=polling&t=NUN6BCs" 404 149 Byte - 0.364 ms
::1 - HTTP/1.1 [Fri, 12 Feb 2021 16:35:15 GMT] "POST /get" 200 294 Byte - 286.246 ms
::1 - HTTP/1.1 [Fri, 12 Feb 2021 16:35:20 GMT] "GET /socket.io/?EIO=4&transport=polling&t=NUN6Cgf" 404 149 Byte - 0.353 ms
::1 - HTTP/1.1 [Fri, 12 Feb 2021 16:35:26 GMT] "GET /socket.io/?EIO=4&transport=polling&t=NUN6E8P" 404 149 Byte - 0.313 ms
::1 - HTTP/1.1 [Fri, 12 Feb 2021 16:35:32 GMT] "GET /socket.io/?EIO=4&transport=polling&t=NUN6Fc2" 404 149 Byte - 0.360 ms
::1 - HTTP/1.1 [Fri, 12 Feb 2021 16:35:38 GMT] "GET /socket.io/?EIO=4&transport=polling&t=NUN6H3o" 404 149 Byte - 0.334 ms
::1 - HTTP/1.1 [Fri, 12 Feb 2021 16:35:44 GMT] "GET /socket.io/?EIO=4&transport=polling&t=NUN6IXX" 404 149 Byte - 0.451 ms
::1 - HTTP/1.1 [Fri, 12 Feb 2021 16:35:50 GMT] "GET /socket.io/?EIO=4&transport=polling&t=NUN6J_I" 404 149 Byte - 0.251 ms
::1 - HTTP/1.1 [Fri, 12 Feb 2021 16:35:56 GMT] "GET /socket.io/?EIO=4&transport=polling&t=NUN6LS_" 404 149 Byte - 0.722 ms
::1 - HTTP/1.1 [Fri, 12 Feb 2021 16:36:01 GMT] "GET /socket.io/?EIO=4&transport=polling&t=NUN6MhT" 404 149 Byte - 0.342 ms
::1 - HTTP/1.1 [Fri, 12 Feb 2021 16:36:06 GMT] "GET /socket.io/?EIO=4&transport=polling&t=NUN6Nvy" 404 149 Byte - 0.386 ms
::1 - HTTP/1.1 [Fri, 12 Feb 2021 16:36:11 GMT] "GET /socket.io/?EIO=4&transport=polling&t=NUN6P8L" 404 149 Byte - 0.276 ms
::1 - HTTP/1.1 [Fri, 12 Feb 2021 16:36:17 GMT] "GET /socket.io/?EIO=4&transport=polling&t=NUN6QbC" 404 149 Byte - 0.319 ms
::1 - HTTP/1.1 [Fri, 12 Feb 2021 16:36:23 GMT] "GET /socket.io/?EIO=4&transport=polling&t=NUN6S32" 404 149 Byte - 0.314 ms
::1 - HTTP/1.1 [Fri, 12 Feb 2021 16:36:29 GMT] "GET /socket.io/?EIO=4&transport=polling&t=NUN6TWm" 404 149 Byte - 0.334 ms
::1 - HTTP/1.1 [Fri, 12 Feb 2021 16:36:35 GMT] "GET /socket.io/?EIO=4&transport=polling&t=NUN6U-U" 404 149 Byte - 0.281 ms
::1 - HTTP/1.1 [Fri, 12 Feb 2021 16:36:41 GMT] "GET /socket.io/?EIO=4&transport=polling&t=NUN6WSH" 404 149 Byte - 0.520 ms
::1 - HTTP/1.1 [Fri, 12 Feb 2021 16:36:47 GMT] "GET /socket.io/?EIO=4&transport=polling&t=NUN6Xvw" 404 149 Byte - 0.302 ms
::1 - HTTP/1.1 [Fri, 12 Feb 2021 16:36:53 GMT] "GET /socket.io/?EIO=4&transport=polling&t=NUN6ZNd" 404 149 Byte - 0.403 ms
::1 - HTTP/1.1 [Fri, 12 Feb 2021 16:36:59 GMT] "GET /socket.io/?EIO=4&transport=polling&t=NUN6arW" 404 149 Byte - 0.438 ms
::1 - HTTP/1.1 [Fri, 12 Feb 2021 16:37:05 GMT] "GET /socket.io/?EIO=4&transport=polling&t=NUN6cJG" 404 149 Byte - 0.336 ms
::1 - HTTP/1.1 [Fri, 12 Feb 2021 16:37:11 GMT] "GET /socket.io/?EIO=4&transport=polling&t=NUN6dmt" 404 149 Byte - 0.358 ms
::1 - HTTP/1.1 [Fri, 12 Feb 2021 16:37:17 GMT] "GET /socket.io/?EIO=4&transport=polling&t=NUN6fEm" 404 149 Byte - 0.345 ms
::1 - HTTP/1.1 [Fri, 12 Feb 2021 16:37:23 GMT] "GET /socket.io/?EIO=4&transport=polling&t=NUN6giN" 404 149 Byte - 0.311 ms
::1 - HTTP/1.1 [Fri, 12 Feb 2021 16:37:29 GMT] "GET /socket.io/?EIO=4&transport=polling&t=NUN6iAJ" 404 149 Byte - 0.507 ms
::1 - HTTP/1.1 [Fri, 12 Feb 2021 16:37:35 GMT] "GET /socket.io/?EIO=4&transport=polling&t=NUN6jdy" 404 149 Byte - 0.250 ms
::1 - HTTP/1.1 [Fri, 12 Feb 2021 16:37:41 GMT] "GET /socket.io/?EIO=4&transport=polling&t=NUN6l5j" 404 149 Byte - 0.463 ms
::1 - HTTP/1.1 [Fri, 12 Feb 2021 16:37:47 GMT] "GET /socket.io/?EIO=4&transport=polling&t=NUN6mZX" 404 149 Byte - 0.281 ms
::1 - HTTP/1.1 [Fri, 12 Feb 2021 16:37:53 GMT] "GET /socket.io/?EIO=4&transport=polling&t=NUN6o1I" 404 149 Byte - 0.376 ms
::1 - HTTP/1.1 [Fri, 12 Feb 2021 16:37:59 GMT] "GET /socket.io/?EIO=4&transport=polling&t=NUN6pUx" 404 149 Byte - 0.297 ms
::1 - HTTP/1.1 [Fri, 12 Feb 2021 16:38:05 GMT] "GET /socket.io/?EIO=4&transport=polling&t=NUN6qyl" 404 149 Byte - 0.375 ms
::1 - HTTP/1.1 [Fri, 12 Feb 2021 16:38:11 GMT] "GET /socket.io/?EIO=4&transport=polling&t=NUN6sQO" 404 149 Byte - 0.324 ms
::1 - HTTP/1.1 [Fri, 12 Feb 2021 16:38:17 GMT] "GET /socket.io/?EIO=4&transport=polling&t=NUN6tuC" 404 149 Byte - 0.314 ms
::1 - HTTP/1.1 [Fri, 12 Feb 2021 16:38:23 GMT] "GET /socket.io/?EIO=4&transport=polling&t=NUN6vM3" 404 149 Byte - 0.362 ms
::1 - HTTP/1.1 [Fri, 12 Feb 2021 16:38:29 GMT] "GET /socket.io/?EIO=4&transport=polling&t=NUN6wq3" 404 149 Byte - 0.334 ms
::1 - HTTP/1.1 [Fri, 12 Feb 2021 16:38:35 GMT] "GET /socket.io/?EIO=4&transport=polling&t=NUN6yHV" 404 149 Byte - 0.267 ms
::1 - HTTP/1.1 [Fri, 12 Feb 2021 16:38:41 GMT] "GET /socket.io/?EIO=4&transport=polling&t=NUN6zlA" 404 149 Byte - 3.853 ms
::1 - HTTP/1.1 [Fri, 12 Feb 2021 16:38:47 GMT] "GET /socket.io/?EIO=4&transport=polling&t=NUN6_D0" 404 149 Byte - 0.588 ms
::1 - HTTP/1.1 [Fri, 12 Feb 2021 16:38:53 GMT] "GET /socket.io/?EIO=4&transport=polling&t=NUN70gj" 404 149 Byte - 0.466 ms
::1 - HTTP/1.1 [Fri, 12 Feb 2021 16:38:59 GMT] "GET /socket.io/?EIO=4&transport=polling&t=NUN728O" 404 149 Byte - 0.510 ms
::1 - HTTP/1.1 [Fri, 12 Feb 2021 16:39:05 GMT] "GET /socket.io/?EIO=4&transport=polling&t=NUN73c8" 404 149 Byte - 0.401 ms
::1 - HTTP/1.1 [Fri, 12 Feb 2021 16:39:11 GMT] "GET /socket.io/?EIO=4&transport=polling&t=NUN754l" 404 149 Byte - 0.301 ms
::1 - HTTP/1.1 [Fri, 12 Feb 2021 16:39:17 GMT] "GET /socket.io/?EIO=4&transport=polling&t=NUN76Xj" 404 149 Byte - 0.372 ms
::1 - HTTP/1.1 [Fri, 12 Feb 2021 16:39:23 GMT] "GET /socket.io/?EIO=4&transport=polling&t=NUN77_a" 404 149 Byte - 0.307 ms
::1 - HTTP/1.1 [Fri, 12 Feb 2021 16:39:29 GMT] "GET /socket.io/?EIO=4&transport=polling&t=NUN79T6" 404 149 Byte - 0.504 ms
::1 - HTTP/1.1 [Fri, 12 Feb 2021 16:39:35 GMT] "GET /socket.io/?EIO=4&transport=polling&t=NUN7Awy" 404 149 Byte - 0.294 ms
::1 - HTTP/1.1 [Fri, 12 Feb 2021 16:39:41 GMT] "GET /socket.io/?EIO=4&transport=polling&t=NUN7COj" 404 149 Byte - 0.387 ms
::1 - HTTP/1.1 [Fri, 12 Feb 2021 16:39:47 GMT] "GET /socket.io/?EIO=4&transport=polling&t=NUN7DsQ" 404 149 Byte - 0.360 ms
::1 - HTTP/1.1 [Fri, 12 Feb 2021 16:39:53 GMT] "GET /socket.io/?EIO=4&transport=polling&t=NUN7FKK" 404 149 Byte - 0.391 ms
::1 - HTTP/1.1 [Fri, 12 Feb 2021 16:39:59 GMT] "GET /socket.io/?EIO=4&transport=polling&t=NUN7Gn-" 404 149 Byte - 0.262 ms
::1 - HTTP/1.1 [Fri, 12 Feb 2021 16:40:05 GMT] "GET /socket.io/?EIO=4&transport=polling&t=NUN7IFj" 404 149 Byte - 0.397 ms
::1 - HTTP/1.1 [Fri, 12 Feb 2021 16:40:11 GMT] "GET /socket.io/?EIO=4&transport=polling&t=NUN7JjS" 404 149 Byte - 0.338 ms
::1 - HTTP/1.1 [Fri, 12 Feb 2021 16:40:17 GMT] "GET /socket.io/?EIO=4&transport=polling&t=NUN7LBI" 404 149 Byte - 0.318 ms
::1 - HTTP/1.1 [Fri, 12 Feb 2021 16:40:23 GMT] "GET /socket.io/?EIO=4&transport=polling&t=NUN7Mf4" 404 149 Byte - 0.306 ms
::ffff:127.0.0.1 - HTTP/1.1 [Fri, 12 Feb 2021 16:40:29 GMT] "GET /socket.io/?EIO=4&transport=polling&t=NUN7O6i" 404 149 Byte - 7.843 ms
::ffff:127.0.0.1 - HTTP/1.1 [Fri, 12 Feb 2021 16:40:35 GMT] "GET /socket.io/?EIO=4&transport=polling&t=NUN7PaN" 404 149 Byte - 0.464 ms
::1 - HTTP/1.1 [Fri, 12 Feb 2021 16:40:40 GMT] "GET /socket.io/?EIO=4&transport=polling&t=NUN7QpG" 404 149 Byte - 8.236 ms
::1 - HTTP/1.1 [Fri, 12 Feb 2021 16:40:45 GMT] "GET /socket.io/?EIO=4&transport=polling&t=NUN7S2V" 404 149 Byte - 0.323 ms
::1 - HTTP/1.1 [Fri, 12 Feb 2021 16:40:51 GMT] "GET /socket.io/?EIO=4&transport=polling&t=NUN7TUP" 404 149 Byte - 0.582 ms
::1 - HTTP/1.1 [Fri, 12 Feb 2021 16:40:57 GMT] "GET /socket.io/?EIO=4&transport=polling&t=NUN7UyJ" 404 149 Byte - 0.284 ms
::1 - HTTP/1.1 [Fri, 12 Feb 2021 16:41:03 GMT] "GET /socket.io/?EIO=4&transport=polling&t=NUN7WQ3" 404 149 Byte - 0.450 ms
::1 - HTTP/1.1 [Fri, 12 Feb 2021 16:41:09 GMT] "GET /socket.io/?EIO=4&transport=polling&t=NUN7Xti" 404 149 Byte - 0.333 ms
::1 - HTTP/1.1 [Fri, 12 Feb 2021 16:41:15 GMT] "GET /socket.io/?EIO=4&transport=polling&t=NUN7ZLM" 404 149 Byte - 0.518 ms
::1 - HTTP/1.1 [Fri, 12 Feb 2021 16:41:21 GMT] "GET /socket.io/?EIO=4&transport=polling&t=NUN7ap6" 404 149 Byte - 4.293 ms
::1 - HTTP/1.1 [Fri, 12 Feb 2021 16:41:27 GMT] "GET /socket.io/?EIO=4&transport=polling&t=NUN7cGx" 404 149 Byte - 1.071 ms
::1 - HTTP/1.1 [Fri, 12 Feb 2021 16:41:33 GMT] "GET /socket.io/?EIO=4&transport=polling&t=NUN7dkc" 404 149 Byte - 0.383 ms
::1 - HTTP/1.1 [Fri, 12 Feb 2021 16:41:39 GMT] "GET /socket.io/?EIO=4&transport=polling&t=NUN7fCW" 404 149 Byte - 0.521 ms
::1 - HTTP/1.1 [Fri, 12 Feb 2021 16:41:45 GMT] "GET /socket.io/?EIO=4&transport=polling&t=NUN7ggI" 404 149 Byte - 0.354 ms
::1 - HTTP/1.1 [Fri, 12 Feb 2021 16:41:51 GMT] "GET /socket.io/?EIO=4&transport=polling&t=NUN7i7x" 404 149 Byte - 0.298 ms
::1 - HTTP/1.1 [Fri, 12 Feb 2021 16:41:57 GMT] "GET /socket.io/?EIO=4&transport=polling&t=NUN7jbd" 404 149 Byte - 0.386 ms
::1 - HTTP/1.1 [Fri, 12 Feb 2021 16:42:03 GMT] "GET /socket.io/?EIO=4&transport=polling&t=NUN7l3N" 404 149 Byte - 0.399 ms
::1 - HTTP/1.1 [Fri, 12 Feb 2021 16:42:08 GMT] "GET /socket.io/?EIO=4&transport=polling&t=NUN7mHt" 404 149 Byte - 0.353 ms
::1 - HTTP/1.1 [Fri, 12 Feb 2021 16:42:10 GMT] "GET /socket.io/?EIO=4&transport=polling&t=NUN7mwc" 404 149 Byte - 0.449 ms
::1 - HTTP/1.1 [Fri, 12 Feb 2021 16:42:12 GMT] "GET /socket.io/?EIO=4&transport=polling&t=NUN7nIC" 404 149 Byte - 0.385 ms
::1 - HTTP/1.1 [Fri, 12 Feb 2021 16:42:14 GMT] "GET /socket.io/?EIO=4&transport=polling&t=NUN7nqs" 404 149 Byte - 0.440 ms
::1 - HTTP/1.1 [Fri, 12 Feb 2021 16:42:18 GMT] "GET /socket.io/?EIO=4&transport=polling&t=NUN7oj2" 404 149 Byte - 0.350 ms
::1 - HTTP/1.1 [Fri, 12 Feb 2021 16:42:23 GMT] "GET /socket.io/?EIO=4&transport=polling&t=NUN7pxT" 404 149 Byte - 0.265 ms
::1 - HTTP/1.1 [Fri, 12 Feb 2021 16:42:28 GMT] "GET /socket.io/?EIO=4&transport=polling&t=NUN7rA0" 404 149 Byte - 0.313 ms
::1 - HTTP/1.1 [Fri, 12 Feb 2021 16:42:29 GMT] "GET /" 404 139 Byte - 0.406 ms
::1 - HTTP/1.1 [Fri, 12 Feb 2021 16:42:33 GMT] "GET /socket.io/?EIO=4&transport=polling&t=NUN7sOa" 404 149 Byte - 0.297 ms
::ffff:127.0.0.1 - HTTP/1.1 [Fri, 12 Feb 2021 16:42:39 GMT] "GET /socket.io/?EIO=4&transport=polling&t=NUN7td6" 404 149 Byte - 4.976 ms
::ffff:127.0.0.1 - HTTP/1.1 [Fri, 12 Feb 2021 16:42:44 GMT] "GET /socket.io/?EIO=4&transport=polling&t=NUN7v6X" 404 149 Byte - 0.368 ms
::1 - HTTP/1.1 [Fri, 12 Feb 2021 16:42:49 GMT] "GET /socket.io/?EIO=4&transport=polling&t=NUN7wKv" 404 149 Byte - 0.368 ms
::1 - HTTP/1.1 [Fri, 12 Feb 2021 16:42:50 GMT] "GET /" 200 25 Byte - 2.794 ms
::1 - HTTP/1.1 [Fri, 12 Feb 2021 16:42:54 GMT] "GET /socket.io/?EIO=4&transport=polling&t=NUN7xZM" 404 149 Byte - 0.284 ms
::1 - HTTP/1.1 [Fri, 12 Feb 2021 16:43:00 GMT] "GET /socket.io/?EIO=4&transport=polling&t=NUN7y-5" 404 149 Byte - 0.410 ms
::1 - HTTP/1.1 [Fri, 12 Feb 2021 16:43:05 GMT] "GET /socket.io/?EIO=4&transport=polling&t=NUN7-Ca" 404 149 Byte - 0.384 ms
::1 - HTTP/1.1 [Fri, 12 Feb 2021 16:43:11 GMT] "GET /socket.io/?EIO=4&transport=polling&t=NUN7_fz" 404 149 Byte - 0.394 ms
::1 - HTTP/1.1 [Fri, 12 Feb 2021 16:43:17 GMT] "GET /socket.io/?EIO=4&transport=polling&t=NUN817c" 404 149 Byte - 0.279 ms
::1 - HTTP/1.1 [Fri, 12 Feb 2021 16:43:23 GMT] "GET /socket.io/?EIO=4&transport=polling&t=NUN82bS" 404 149 Byte - 0.382 ms
::1 - HTTP/1.1 [Fri, 12 Feb 2021 16:43:29 GMT] "GET /socket.io/?EIO=4&transport=polling&t=NUN843F" 404 149 Byte - 0.359 ms
::1 - HTTP/1.1 [Fri, 12 Feb 2021 16:43:35 GMT] "GET /socket.io/?EIO=4&transport=polling&t=NUN85Wt" 404 149 Byte - 0.418 ms
::1 - HTTP/1.1 [Fri, 12 Feb 2021 16:43:41 GMT] "GET /socket.io/?EIO=4&transport=polling&t=NUN86-f" 404 149 Byte - 0.280 ms
::1 - HTTP/1.1 [Fri, 12 Feb 2021 16:43:47 GMT] "GET /socket.io/?EIO=4&transport=polling&t=NUN88SX" 404 149 Byte - 0.372 ms
::1 - HTTP/1.1 [Fri, 12 Feb 2021 16:43:53 GMT] "GET /socket.io/?EIO=4&transport=polling&t=NUN89w6" 404 149 Byte - 0.315 ms
::1 - HTTP/1.1 [Fri, 12 Feb 2021 16:43:59 GMT] "GET /socket.io/?EIO=4&transport=polling&t=NUN8BO2" 404 149 Byte - 0.436 ms
::1 - HTTP/1.1 [Fri, 12 Feb 2021 16:44:05 GMT] "GET /socket.io/?EIO=4&transport=polling&t=NUN8Crd" 404 149 Byte - 0.377 ms
::1 - HTTP/1.1 [Fri, 12 Feb 2021 16:46:38 GMT] "GET /favicon.ico" 404 150 Byte - 5.826 ms
